Flutter/fitness_app/build/app/intermediates/manifest_merge_blame_file/debug/manifest-merger-blame-debug-report.txt
1<?xml version="1.0" encoding="utf-8"?>
2<manifest xmlns:android="http://schemas.android.com/apk/res/android"
3    package="com.example.fitness_app"
4    android:versionCode="1"
5    android:versionName="1.0.0" >
6
7    <uses-sdk
8        android:minSdkVersion="16"
9        android:targetSdkVersion="30" />
10    <!--
11         Flutter needs it to communicate with the running application
12         to allow setting breakpoints, to provide hot reload, etc.
13    -->
14    <uses-permission android:name="android.permission.INTERNET" />
14-->src\debug\AndroidManifest.xml:6:5-66
14-->src\debug\AndroidManifest.xml:6:22-64
15    <uses-permission android:name="android.permission.ACCESS_NETWORK_STATE" />
15-->[com.google.firebase:firebase-auth:20.0.1] AndroidManifest.xml:24:5-79
15-->[com.google.firebase:firebase-auth:20.0.1] AndroidManifest.xml:24:22-76
16    <uses-permission android:name="com.google.android.finsky.permission.BIND_GET_INSTALL_REFERRER_SERVICE" />
16-->[com.android.installreferrer:installreferrer:1.0] AndroidManifest.xml:9:5-110
16-->[com.android.installreferrer:installreferrer:1.0] AndroidManifest.xml:9:22-107
17
18    <application
18-->src\main\AndroidManifest.xml:3:4-41:19
19        android:name="androidx.multidex.MultiDexApplication"
20        android:appComponentFactory="androidx.core.app.CoreComponentFactory"
20-->[androidx.core:core:1.1.0] AndroidManifest.xml:24:18-86
21        android:debuggable="true"
22        android:icon="@mipmap/ic_launcher"
22-->src\main\AndroidManifest.xml:6:9-43
23        android:label="fitness_app"
23-->src\main\AndroidManifest.xml:5:9-36
24        android:supportsRtl="true"
24-->[com.facebook.android:facebook-login:9.0.0] AndroidManifest.xml:28:18-44
25        android:usesCleartextTraffic="true" >
25-->src\main\AndroidManifest.xml:4:9-44
26        <activity
26-->src\main\AndroidManifest.xml:7:9-35:20
27            android:name="com.example.fitness_app.MainActivity"
27-->src\main\AndroidManifest.xml:8:13-41
28            android:configChanges="orientation|keyboardHidden|keyboard|screenSize|smallestScreenSize|locale|layoutDirection|fontScale|screenLayout|density|uiMode"
28-->src\main\AndroidManifest.xml:11:13-163
29            android:hardwareAccelerated="true"
29-->src\main\AndroidManifest.xml:12:13-47
30            android:launchMode="singleTop"
30-->src\main\AndroidManifest.xml:9:13-43
31            android:theme="@style/LaunchTheme"
31-->src\main\AndroidManifest.xml:10:13-47
32            android:windowSoftInputMode="adjustResize" >
32-->src\main\AndroidManifest.xml:13:13-55
33
34            <!--
35                 Specifies an Android theme to apply to this Activity as soon as
36                 the Android process has started. This theme is visible to the user
37                 while the Flutter UI initializes. After that, this theme continues
38                 to determine the Window background behind the Flutter UI.
39            -->
40            <meta-data
40-->src\main\AndroidManifest.xml:18:13-21:17
41                android:name="io.flutter.embedding.android.NormalTheme"
41-->src\main\AndroidManifest.xml:19:15-70
42                android:resource="@style/NormalTheme" />
42-->src\main\AndroidManifest.xml:20:15-52
43            <!--
44                 Displays an Android View that continues showing the launch screen
45                 Drawable until Flutter paints its first frame, then this splash
46                 screen fades out. A splash screen is useful to avoid any visual
47                 gap between the end of Android's launch screen and the painting of
48                 Flutter's first frame.
49            -->
50            <meta-data
50-->src\main\AndroidManifest.xml:27:13-30:17
51                android:name="io.flutter.embedding.android.SplashScreenDrawable"
51-->src\main\AndroidManifest.xml:28:15-79
52                android:resource="@drawable/launch_background" />
52-->src\main\AndroidManifest.xml:29:15-61
53
54            <intent-filter>
54-->src\main\AndroidManifest.xml:31:13-34:29
55                <action android:name="android.intent.action.MAIN" />
55-->src\main\AndroidManifest.xml:32:17-68
55-->src\main\AndroidManifest.xml:32:25-66
56
57                <category android:name="android.intent.category.LAUNCHER" />
57-->src\main\AndroidManifest.xml:33:17-76
57-->src\main\AndroidManifest.xml:33:27-74
58            </intent-filter>
59        </activity>
60        <!--
61             Don't delete the meta-data below.
62             This is used by the Flutter tool to generate GeneratedPluginRegistrant.java
63        -->
64        <meta-data
64-->src\main\AndroidManifest.xml:38:9-40:33
65            android:name="flutterEmbedding"
65-->src\main\AndroidManifest.xml:39:13-44
66            android:value="2" />
66-->src\main\AndroidManifest.xml:40:13-30
67
68        <service
68-->[:firebase_auth] AndroidManifest.xml:8:9-12:19
69            android:name="com.google.firebase.components.ComponentDiscoveryService"
69-->[:firebase_auth] AndroidManifest.xml:8:18-89
70            android:directBootAware="true"
70-->[com.google.firebase:firebase-common:19.5.0] AndroidManifest.xml:35:13-43
71            android:exported="false" >
71-->[com.google.firebase:firebase-auth:20.0.1] AndroidManifest.xml:76:13-37
72            <meta-data
72-->[:firebase_auth] AndroidManifest.xml:9:13-11:85
73                android:name="com.google.firebase.components:io.flutter.plugins.firebase.auth.FlutterFirebaseAuthRegistrar"
73-->[:firebase_auth] AndroidManifest.xml:10:17-124
74                android:value="com.google.firebase.components.ComponentRegistrar" />
74-->[:firebase_auth] AndroidManifest.xml:11:17-82
75            <meta-data
75-->[:firebase_core] AndroidManifest.xml:9:13-11:85
76                android:name="com.google.firebase.components:io.flutter.plugins.firebase.core.FlutterFirebaseCoreRegistrar"
76-->[:firebase_core] AndroidManifest.xml:10:17-124
77                android:value="com.google.firebase.components.ComponentRegistrar" />
77-->[:firebase_core] AndroidManifest.xml:11:17-82
78            <meta-data
78-->[com.google.firebase:firebase-auth:20.0.1] AndroidManifest.xml:77:13-79:85
79                android:name="com.google.firebase.components:com.google.firebase.auth.FirebaseAuthRegistrar"
79-->[com.google.firebase:firebase-auth:20.0.1] AndroidManifest.xml:78:17-109
80                android:value="com.google.firebase.components.ComponentRegistrar" />
80-->[com.google.firebase:firebase-auth:20.0.1] AndroidManifest.xml:79:17-82
81            <!--
82                This registrar is not defined in the dynamic-module-support sdk itself to allow non-firebase
83                clients to use it as well, by defining this registrar in their own core/common library.
84            -->
85            <meta-data
85-->[com.google.firebase:firebase-common:19.5.0] AndroidManifest.xml:43:13-45:85
86                android:name="com.google.firebase.components:com.google.firebase.dynamicloading.DynamicLoadingRegistrar"
86-->[com.google.firebase:firebase-common:19.5.0] AndroidManifest.xml:44:17-121
87                android:value="com.google.firebase.components.ComponentRegistrar" />
87-->[com.google.firebase:firebase-common:19.5.0] AndroidManifest.xml:45:17-82
88        </service>
89
90        <activity
90-->[com.google.firebase:firebase-auth:20.0.1] AndroidManifest.xml:27:9-44:20
91            android:name="com.google.firebase.auth.internal.GenericIdpActivity"
91-->[com.google.firebase:firebase-auth:20.0.1] AndroidManifest.xml:28:13-80
92            android:excludeFromRecents="true"
92-->[com.google.firebase:firebase-auth:20.0.1] AndroidManifest.xml:29:13-46
93            android:exported="true"
93-->[com.google.firebase:firebase-auth:20.0.1] AndroidManifest.xml:30:13-36
94            android:launchMode="singleTask"
94-->[com.google.firebase:firebase-auth:20.0.1] AndroidManifest.xml:31:13-44
95            android:theme="@android:style/Theme.Translucent.NoTitleBar" >
95-->[com.google.firebase:firebase-auth:20.0.1] AndroidManifest.xml:32:13-72
96            <intent-filter>
96-->[com.google.firebase:firebase-auth:20.0.1] AndroidManifest.xml:33:13-43:29
97                <action android:name="android.intent.action.VIEW" />
97-->[com.google.firebase:firebase-auth:20.0.1] AndroidManifest.xml:34:17-69
97-->[com.google.firebase:firebase-auth:20.0.1] AndroidManifest.xml:34:25-66
98
99                <category android:name="android.intent.category.DEFAULT" />
99-->[com.google.firebase:firebase-auth:20.0.1] AndroidManifest.xml:36:17-76
99-->[com.google.firebase:firebase-auth:20.0.1] AndroidManifest.xml:36:27-73
100                <category android:name="android.intent.category.BROWSABLE" />
100-->[com.google.firebase:firebase-auth:20.0.1] AndroidManifest.xml:37:17-78
100-->[com.google.firebase:firebase-auth:20.0.1] AndroidManifest.xml:37:27-75
101
102                <data
102-->[com.google.firebase:firebase-auth:20.0.1] AndroidManifest.xml:39:17-42:51
103                    android:host="firebase.auth"
103-->[com.google.firebase:firebase-auth:20.0.1] AndroidManifest.xml:40:21-49
104                    android:path="/"
104-->[com.google.firebase:firebase-auth:20.0.1] AndroidManifest.xml:41:21-37
105                    android:scheme="genericidp" />
105-->[com.google.firebase:firebase-auth:20.0.1] AndroidManifest.xml:42:21-48
106            </intent-filter>
107        </activity>
108        <activity
108-->[com.google.firebase:firebase-auth:20.0.1] AndroidManifest.xml:45:9-62:20
109            android:name="com.google.firebase.auth.internal.RecaptchaActivity"
109-->[com.google.firebase:firebase-auth:20.0.1] AndroidManifest.xml:46:13-79
110            android:excludeFromRecents="true"
110-->[com.google.firebase:firebase-auth:20.0.1] AndroidManifest.xml:47:13-46
111            android:exported="true"
111-->[com.google.firebase:firebase-auth:20.0.1] AndroidManifest.xml:48:13-36
112            android:launchMode="singleTask"
112-->[com.google.firebase:firebase-auth:20.0.1] AndroidManifest.xml:49:13-44
113            android:theme="@android:style/Theme.Translucent.NoTitleBar" >
113-->[com.google.firebase:firebase-auth:20.0.1] AndroidManifest.xml:50:13-72
114            <intent-filter>
114-->[com.google.firebase:firebase-auth:20.0.1] AndroidManifest.xml:51:13-61:29
115                <action android:name="android.intent.action.VIEW" />
115-->[com.google.firebase:firebase-auth:20.0.1] AndroidManifest.xml:34:17-69
115-->[com.google.firebase:firebase-auth:20.0.1] AndroidManifest.xml:34:25-66
116
117                <category android:name="android.intent.category.DEFAULT" />
117-->[com.google.firebase:firebase-auth:20.0.1] AndroidManifest.xml:36:17-76
117-->[com.google.firebase:firebase-auth:20.0.1] AndroidManifest.xml:36:27-73
118                <category android:name="android.intent.category.BROWSABLE" />
118-->[com.google.firebase:firebase-auth:20.0.1] AndroidManifest.xml:37:17-78
118-->[com.google.firebase:firebase-auth:20.0.1] AndroidManifest.xml:37:27-75
119
120                <data
120-->[com.google.firebase:firebase-auth:20.0.1] AndroidManifest.xml:39:17-42:51
121                    android:host="firebase.auth"
121-->[com.google.firebase:firebase-auth:20.0.1] AndroidManifest.xml:40:21-49
122                    android:path="/"
122-->[com.google.firebase:firebase-auth:20.0.1] AndroidManifest.xml:41:21-37
123                    android:scheme="recaptcha" />
123-->[com.google.firebase:firebase-auth:20.0.1] AndroidManifest.xml:42:21-48
124            </intent-filter>
125        </activity>
126
127        <service
127-->[com.google.firebase:firebase-auth:20.0.1] AndroidManifest.xml:64:9-73:19
128            android:name="com.google.firebase.auth.api.fallback.service.FirebaseAuthFallbackService"
128-->[com.google.firebase:firebase-auth:20.0.1] AndroidManifest.xml:65:13-101
129            android:enabled="true"
129-->[com.google.firebase:firebase-auth:20.0.1] AndroidManifest.xml:66:13-35
130            android:exported="false" >
130-->[com.google.firebase:firebase-auth:20.0.1] AndroidManifest.xml:67:13-37
131            <intent-filter>
131-->[com.google.firebase:firebase-auth:20.0.1] AndroidManifest.xml:68:13-72:29
132                <action android:name="com.google.firebase.auth.api.gms.service.START" />
132-->[com.google.firebase:firebase-auth:20.0.1] AndroidManifest.xml:69:17-89
132-->[com.google.firebase:firebase-auth:20.0.1] AndroidManifest.xml:69:25-86
133
134                <category android:name="android.intent.category.DEFAULT" />
134-->[com.google.firebase:firebase-auth:20.0.1] AndroidManifest.xml:36:17-76
134-->[com.google.firebase:firebase-auth:20.0.1] AndroidManifest.xml:36:27-73
135            </intent-filter>
136        </service>
137
138        <activity
138-->[com.facebook.android:facebook-common:9.0.0] AndroidManifest.xml:30:9-33:66
139            android:name="com.facebook.FacebookActivity"
139-->[com.facebook.android:facebook-common:9.0.0] AndroidManifest.xml:31:13-57
140            android:configChanges="keyboard|keyboardHidden|screenLayout|screenSize|orientation"
140-->[com.facebook.android:facebook-common:9.0.0] AndroidManifest.xml:32:13-96
141            android:theme="@style/com_facebook_activity_theme" />
141-->[com.facebook.android:facebook-common:9.0.0] AndroidManifest.xml:33:13-63
142        <activity android:name="com.facebook.CustomTabMainActivity" />
142-->[com.facebook.android:facebook-common:9.0.0] AndroidManifest.xml:34:9-71
142-->[com.facebook.android:facebook-common:9.0.0] AndroidManifest.xml:34:19-68
143        <activity
143-->[com.facebook.android:facebook-common:9.0.0] AndroidManifest.xml:35:9-49:20
144            android:name="com.facebook.CustomTabActivity"
144-->[com.facebook.android:facebook-common:9.0.0] AndroidManifest.xml:36:13-58
145            android:exported="true" >
145-->[com.facebook.android:facebook-common:9.0.0] AndroidManifest.xml:37:13-36
146            <intent-filter>
146-->[com.facebook.android:facebook-common:9.0.0] AndroidManifest.xml:39:13-48:29
147                <action android:name="android.intent.action.VIEW" />
147-->[com.google.firebase:firebase-auth:20.0.1] AndroidManifest.xml:34:17-69
147-->[com.google.firebase:firebase-auth:20.0.1] AndroidManifest.xml:34:25-66
148
149                <category android:name="android.intent.category.DEFAULT" />
149-->[com.google.firebase:firebase-auth:20.0.1] AndroidManifest.xml:36:17-76
149-->[com.google.firebase:firebase-auth:20.0.1] AndroidManifest.xml:36:27-73
150                <category android:name="android.intent.category.BROWSABLE" />
150-->[com.google.firebase:firebase-auth:20.0.1] AndroidManifest.xml:37:17-78
150-->[com.google.firebase:firebase-auth:20.0.1] AndroidManifest.xml:37:27-75
151
152                <data
152-->[com.google.firebase:firebase-auth:20.0.1] AndroidManifest.xml:39:17-42:51
153                    android:host="cct.com.example.fitness_app"
153-->[com.google.firebase:firebase-auth:20.0.1] AndroidManifest.xml:40:21-49
154                    android:scheme="fbconnect" />
154-->[com.google.firebase:firebase-auth:20.0.1] AndroidManifest.xml:42:21-48
155            </intent-filter>
156        </activity>
157        <activity
157-->[com.google.android.gms:play-services-auth:16.0.1] AndroidManifest.xml:23:9-27:75
158            android:name="com.google.android.gms.auth.api.signin.internal.SignInHubActivity"
158-->[com.google.android.gms:play-services-auth:16.0.1] AndroidManifest.xml:24:13-93
159            android:excludeFromRecents="true"
159-->[com.google.android.gms:play-services-auth:16.0.1] AndroidManifest.xml:25:13-46
160            android:exported="false"
160-->[com.google.android.gms:play-services-auth:16.0.1] AndroidManifest.xml:26:13-37
161            android:theme="@android:style/Theme.Translucent.NoTitleBar" />
161-->[com.google.android.gms:play-services-auth:16.0.1] AndroidManifest.xml:27:13-72
162        <!--
163            Service handling Google Sign-In user revocation. For apps that do not integrate with
164            Google Sign-In, this service will never be started.
165        -->
166        <service
166-->[com.google.android.gms:play-services-auth:16.0.1] AndroidManifest.xml:33:9-36:110
167            android:name="com.google.android.gms.auth.api.signin.RevocationBoundService"
167-->[com.google.android.gms:play-services-auth:16.0.1] AndroidManifest.xml:34:13-89
168            android:exported="true"
168-->[com.google.android.gms:play-services-auth:16.0.1] AndroidManifest.xml:35:13-36
169            android:permission="com.google.android.gms.auth.api.signin.permission.REVOCATION_NOTIFICATION" />
169-->[com.google.android.gms:play-services-auth:16.0.1] AndroidManifest.xml:36:13-107
170
171        <activity
171-->[com.google.android.gms:play-services-base:17.1.0] AndroidManifest.xml:23:9-26:75
172            android:name="com.google.android.gms.common.api.GoogleApiActivity"
172-->[com.google.android.gms:play-services-base:17.1.0] AndroidManifest.xml:24:13-79
173            android:exported="false"
173-->[com.google.android.gms:play-services-base:17.1.0] AndroidManifest.xml:25:13-37
174            android:theme="@android:style/Theme.Translucent.NoTitleBar" />
174-->[com.google.android.gms:play-services-base:17.1.0] AndroidManifest.xml:26:13-72
175
176        <provider
176-->[com.google.firebase:firebase-common:19.5.0] AndroidManifest.xml:26:9-31:39
177            android:name="com.google.firebase.provider.FirebaseInitProvider"
177-->[com.google.firebase:firebase-common:19.5.0] AndroidManifest.xml:27:13-77
178            android:authorities="com.example.fitness_app.firebaseinitprovider"
178-->[com.google.firebase:firebase-common:19.5.0] AndroidManifest.xml:28:13-72
179            android:directBootAware="true"
179-->[com.google.firebase:firebase-common:19.5.0] AndroidManifest.xml:29:13-43
180            android:exported="false"
180-->[com.google.firebase:firebase-common:19.5.0] AndroidManifest.xml:30:13-37
181            android:initOrder="100" />
181-->[com.google.firebase:firebase-common:19.5.0] AndroidManifest.xml:31:13-36
182
183        <meta-data
183-->[com.google.android.gms:play-services-basement:17.1.0] AndroidManifest.xml:23:9-25:69
184            android:name="com.google.android.gms.version"
184-->[com.google.android.gms:play-services-basement:17.1.0] AndroidManifest.xml:24:13-58
185            android:value="@integer/google_play_services_version" />
185-->[com.google.android.gms:play-services-basement:17.1.0] AndroidManifest.xml:25:13-66
186        <!--
187         The initialization ContentProvider will call FacebookSdk.sdkInitialize automatically
188         with the application context. This config is merged in with the host app's manifest,
189         but there can only be one provider with the same authority activated at any given
190         point; so if the end user has two or more different apps that use Facebook SDK, only the
191         first one will be able to use the provider. To work around this problem, we use the
192         following placeholder in the authority to identify each host application as if it was
193         a completely different provider.
194        -->
195        <provider
195-->[com.facebook.android:facebook-core:9.0.0] AndroidManifest.xml:39:9-42:40
196            android:name="com.facebook.internal.FacebookInitProvider"
196-->[com.facebook.android:facebook-core:9.0.0] AndroidManifest.xml:40:13-70
197            android:authorities="com.example.fitness_app.FacebookInitProvider"
197-->[com.facebook.android:facebook-core:9.0.0] AndroidManifest.xml:41:13-72
198            android:exported="false" />
198-->[com.facebook.android:facebook-core:9.0.0] AndroidManifest.xml:42:13-37
199
200        <receiver
200-->[com.facebook.android:facebook-core:9.0.0] AndroidManifest.xml:44:9-50:20
201            android:name="com.facebook.CurrentAccessTokenExpirationBroadcastReceiver"
201-->[com.facebook.android:facebook-core:9.0.0] AndroidManifest.xml:45:13-86
202            android:exported="false" >
202-->[com.facebook.android:facebook-core:9.0.0] AndroidManifest.xml:46:13-37
203            <intent-filter>
203-->[com.facebook.android:facebook-core:9.0.0] AndroidManifest.xml:47:13-49:29
204                <action android:name="com.facebook.sdk.ACTION_CURRENT_ACCESS_TOKEN_CHANGED" />
204-->[com.facebook.android:facebook-core:9.0.0] AndroidManifest.xml:48:17-95
204-->[com.facebook.android:facebook-core:9.0.0] AndroidManifest.xml:48:25-92
205            </intent-filter>
206        </receiver>
207
208        <activity
208-->[com.twitter.sdk.android:twitter-core:3.1.1] AndroidManifest.xml:28:9-32:40
209            android:name="com.twitter.sdk.android.core.identity.OAuthActivity"
209-->[com.twitter.sdk.android:twitter-core:3.1.1] AndroidManifest.xml:29:13-79
210            android:configChanges="orientation|screenSize"
210-->[com.twitter.sdk.android:twitter-core:3.1.1] AndroidManifest.xml:30:13-59
211            android:excludeFromRecents="true"
211-->[com.twitter.sdk.android:twitter-core:3.1.1] AndroidManifest.xml:31:13-46
212            android:exported="false" />
212-->[com.twitter.sdk.android:twitter-core:3.1.1] AndroidManifest.xml:32:13-37
213    </application>
214
215</manifest>